<?xml version="1.0" encoding="UTF-8"?>
<testng-results skipped="0" failed="0" ignored="0" total="1" passed="1">
  <reporter-output>
  </reporter-output>
  <suite name="Suite" duration-ms="184" started-at="2019-05-17T01:52:47Z" finished-at="2019-05-17T01:52:47Z">
    <groups>
    </groups>
    <test name="Test" duration-ms="184" started-at="2019-05-17T01:52:47Z" finished-at="2019-05-17T01:52:47Z">
      <class name="Appa">
        <test-method status="PASS" signature="demotest()[pri:0, instance:Appa@6f7fd0e6]" name="demotest" duration-ms="37" started-at="2019-05-17T01:52:47Z" finished-at="2019-05-17T01:52:47Z">
          <reporter-output>
          </reporter-output>
        </test-method> <!-- demotest -->
      </class> <!-- Appa -->
    </test> <!-- Test -->
  </suite> <!-- Suite -->
</testng-results>
